This file contains any messages produced by compilers while
running configure, to aid debugging if configure makes a mistake.

configure:620: checking for a BSD compatible install
configure:673: checking whether build environment is sane
configure:730: checking whether make sets ${MAKE}
configure:776: checking for working aclocal
configure:789: checking for working autoconf
configure:802: checking for working automake
configure:815: checking for working autoheader
configure:828: checking for working makeinfo
configure:851: checking host system type
configure:873: checking for prefix
configure:884: checking for gcc
configure:997: checking whether the C compiler (gcc  ) works
configure:1013: gcc -o conftest    conftest.c  1>&5
configure:1039: checking whether the C compiler (gcc  ) is a cross-compiler
configure:1044: checking whether we are using GNU C
configure:1053: gcc -E conftest.c
configure:1072: checking whether gcc accepts -g
configure:1104: checking for POSIXized ISC
configure:1128: checking for gcc option to accept ANSI C
configure:1181: gcc  -c -g -O2  conftest.c 1>&5
configure:1205: checking how to run the C preprocessor
configure:1226: gcc -E  conftest.c >/dev/null 2>conftest.out
configure:1287: checking for function prototypes
configure:1449: checking how to run the C preprocessor
configure:1529: checking whether make sets ${MAKE}
configure:1567: checking for a BSD compatible install
configure:1622: checking for ranlib
configure:1651: checking for inline
configure:1665: gcc -c -g -O2  conftest.c 1>&5
configure:1691: checking for working const
configure:1745: gcc -c -g -O2  conftest.c 1>&5
configure:1769: checking for dbx
configure:1805: checking for gdb
configure:1841: checking for sdb
configure:1891: checking for sendmail
configure:1997: checking for ispell
configure:2224: checking for initscr in -lncurses
configure:2243: gcc -o conftest -g -O2   conftest.c -lncurses   1>&5
/usr/bin/ld: cannot find -lncurses
collect2: error: ld returned 1 exit status
configure: failed program was:
#line 2232 "configure"
#include "confdefs.h"
/* Override any gcc2 internal prototype to avoid an error.  */
/* We use char because int might match the return type of a gcc2
    builtin and then its argument prototype would still apply.  */
char initscr();

int main() {
initscr()
; return 0; }
configure:2314: checking for start_color declaration
configure:2328: gcc -c -g -O2  conftest.c 1>&5
configure:2320:20: fatal error: curses.h: No such file or directory
compilation terminated.
configure: failed program was:
#line 2319 "configure"
#include "confdefs.h"
#include <curses.h>
int main() {
#ifndef start_color
extern	int	start_color();
#endif
; return 0; }
configure:2314: checking for typeahead declaration
configure:2328: gcc -c -g -O2  conftest.c 1>&5
configure:2320:20: fatal error: curses.h: No such file or directory
compilation terminated.
configure: failed program was:
#line 2319 "configure"
#include "confdefs.h"
#include <curses.h>
int main() {
#ifndef typeahead
extern	int	typeahead();
#endif
; return 0; }
configure:2314: checking for bkgdset declaration
configure:2328: gcc -c -g -O2  conftest.c 1>&5
configure:2320:20: fatal error: curses.h: No such file or directory
compilation terminated.
configure: failed program was:
#line 2319 "configure"
#include "confdefs.h"
#include <curses.h>
int main() {
#ifndef bkgdset
extern	int	bkgdset();
#endif
; return 0; }
configure:2314: checking for curs_set declaration
configure:2328: gcc -c -g -O2  conftest.c 1>&5
configure:2320:20: fatal error: curses.h: No such file or directory
compilation terminated.
configure: failed program was:
#line 2319 "configure"
#include "confdefs.h"
#include <curses.h>
int main() {
#ifndef curs_set
extern	int	curs_set();
#endif
; return 0; }
configure:2314: checking for meta declaration
configure:2328: gcc -c -g -O2  conftest.c 1>&5
configure:2320:20: fatal error: curses.h: No such file or directory
compilation terminated.
configure: failed program was:
#line 2319 "configure"
#include "confdefs.h"
#include <curses.h>
int main() {
#ifndef meta
extern	int	meta();
#endif
; return 0; }
configure:2314: checking for use_default_colors declaration
configure:2328: gcc -c -g -O2  conftest.c 1>&5
configure:2320:20: fatal error: curses.h: No such file or directory
compilation terminated.
configure: failed program was:
#line 2319 "configure"
#include "confdefs.h"
#include <curses.h>
int main() {
#ifndef use_default_colors
extern	int	use_default_colors();
#endif
; return 0; }
configure:2314: checking for resizeterm declaration
configure:2328: gcc -c -g -O2  conftest.c 1>&5
configure:2320:20: fatal error: curses.h: No such file or directory
compilation terminated.
configure: failed program was:
#line 2319 "configure"
#include "confdefs.h"
#include <curses.h>
int main() {
#ifndef resizeterm
extern	int	resizeterm();
#endif
; return 0; }
configure:2393: checking for ANSI C header files
configure:2406: gcc -E  conftest.c >/dev/null 2>conftest.out
configure:2473: gcc -o conftest -g -O2   conftest.c  1>&5
configure: In function 'main':
configure:2468:67: warning: incompatible implicit declaration of built-in function 'exit' [enabled by default]
configure:2501: checking for stdarg.h
configure:2511: gcc -E  conftest.c >/dev/null 2>conftest.out
configure:2501: checking for sys/ioctl.h
configure:2511: gcc -E  conftest.c >/dev/null 2>conftest.out
configure:2501: checking for sysexits.h
configure:2511: gcc -E  conftest.c >/dev/null 2>conftest.out
configure:2541: checking for sys/time.h
configure:2551: gcc -E  conftest.c >/dev/null 2>conftest.out
configure:2541: checking for sys/resource.h
configure:2551: gcc -E  conftest.c >/dev/null 2>conftest.out
configure:2581: checking for setrlimit
configure:2609: gcc -o conftest -g -O2   conftest.c  1>&5
configure:2635: checking return type of signal handlers
configure:2657: gcc -c -g -O2  conftest.c 1>&5
configure:2677: checking for sig_atomic_t in signal.h
configure:2727: checking for sys_siglist declaration in signal.h or unistd.h
configure:2744: gcc -c -g -O2  conftest.c 1>&5
configure: In function 'main':
configure:2740:13: warning: initialization discards 'const' qualifier from pointer target type [enabled by default]
configure:2766: checking size of long
configure:2785: gcc -o conftest -g -O2   conftest.c  1>&5
configure: In function 'main':
configure:2779:11: warning: incompatible implicit declaration of built-in function 'exit' [enabled by default]
configure:2780:3: warning: format '%d' expects argument of type 'int', but argument 3 has type 'long unsigned int' [-Wformat]
configure:2806: checking for pid_t
configure:2842: checking for fgetpos
configure:2870: gcc -o conftest -g -O2   conftest.c  1>&5
configure:2842: checking for memmove
configure:2870: gcc -o conftest -g -O2   conftest.c  1>&5
configure:2854:6: warning: conflicting types for built-in function 'memmove' [enabled by default]
configure:2842: checking for setegid
configure:2870: gcc -o conftest -g -O2   conftest.c  1>&5
configure:2842: checking for srand48
configure:2870: gcc -o conftest -g -O2   conftest.c  1>&5
configure:2842: checking for strerror
configure:2870: gcc -o conftest -g -O2   conftest.c  1>&5
configure:2898: checking for strcasecmp
configure:2926: gcc -o conftest -g -O2   conftest.c  1>&5
configure:2910:6: warning: conflicting types for built-in function 'strcasecmp' [enabled by default]
configure:2898: checking for strdup
configure:2926: gcc -o conftest -g -O2   conftest.c  1>&5
configure:2910:6: warning: conflicting types for built-in function 'strdup' [enabled by default]
configure:2954: checking for getopt
configure:2982: gcc -o conftest -g -O2   conftest.c  1>&5
configure:3006: checking for getopt.h
configure:3016: gcc -E  conftest.c >/dev/null 2>conftest.out
configure:3047: checking for snprintf
configure:3075: gcc -o conftest -g -O2   conftest.c  1>&5
configure:3059:6: warning: conflicting types for built-in function 'snprintf' [enabled by default]
configure:3099: checking for vsnprintf
configure:3127: gcc -o conftest -g -O2   conftest.c  1>&5
configure:3111:6: warning: conflicting types for built-in function 'vsnprintf' [enabled by default]
configure:3157: checking for ftruncate
configure:3185: gcc -o conftest -g -O2   conftest.c  1>&5
configure:3260: checking for strftime
configure:3288: gcc -o conftest -g -O2   conftest.c  1>&5
configure:3272:6: warning: conflicting types for built-in function 'strftime' [enabled by default]
configure:3363: checking for fchdir
configure:3391: gcc -o conftest -g -O2   conftest.c  1>&5
configure:3428: checking for regcomp
configure:3456: gcc -o conftest -g -O2   conftest.c  1>&5
configure:3486: checking whether your system's regexp library is completely broken
configure:3498: gcc -o conftest -g -O2   conftest.c  1>&5
configure:3556: checking where new mail is stored
configure:3585: checking if /var/mail is world writable
configure:3607: gcc -o conftest -g -O2   conftest.c  1>&5
configure: In function 'main':
configure:3602:27: warning: incompatible implicit declaration of built-in function 'exit' [enabled by default]
configure: failed program was:
#line 3593 "configure"
#include "confdefs.h"
#include <sys/types.h>
#include <sys/stat.h>

int main (int argc, char **argv)
{
	struct stat s;

	stat ("/var/mail", &s);
	if (s.st_mode & S_IWOTH) exit (0);
	exit (1);
}
configure:3632: checking if /var/mail is group writable
configure:3654: gcc -o conftest -g -O2   conftest.c  1>&5
configure: In function 'main':
configure:3649:27: warning: incompatible implicit declaration of built-in function 'exit' [enabled by default]
configure:3712: checking where to put architecture-dependent files
configure:3733: checking where to put architecture-independent data files
configure:3763: checking whether character set definitions are desired and usable
configure:3802: checking where to put the documentation
configure:4921: checking for off_t
configure:4954: checking for size_t
configure:4989: checking for working alloca.h
configure:5001: gcc -o conftest -Wall -pedantic -g -O2   conftest.c  1>&5
configure: In function 'main':
configure:4997:7: warning: unused variable 'p' [-Wunused-variable]
configure:5022: checking for alloca
configure:5055: gcc -o conftest -Wall -pedantic -g -O2   conftest.c  1>&5
configure: In function 'main':
configure:5051:7: warning: unused variable 'p' [-Wunused-variable]
configure:5224: checking for unistd.h
configure:5234: gcc -E  conftest.c >/dev/null 2>conftest.out
configure:5263: checking for getpagesize
configure:5291: gcc -o conftest -Wall -pedantic -g -O2   conftest.c  1>&5
configure:5316: checking for working mmap
configure:5467: gcc -o conftest -Wall -pedantic -g -O2   conftest.c  1>&5
configure:5398:7: error: conflicting types for 'malloc'
configure: In function 'main':
configure:5437:24: warning: cast from pointer to integer of different size [-Wpointer-to-int-cast]
configure: failed program was:
#line 5324 "configure"
#include "confdefs.h"

/* Thanks to Mike Haertel and Jim Avera for this test.
   Here is a matrix of mmap possibilities:
	mmap private not fixed
	mmap private fixed at somewhere currently unmapped
	mmap private fixed at somewhere already mapped
	mmap shared not fixed
	mmap shared fixed at somewhere currently unmapped
	mmap shared fixed at somewhere already mapped
   For private mappings, we should verify that changes cannot be read()
   back from the file, nor mmap's back from the file at a different
   address.  (There have been systems where private was not correctly
   implemented like the infamous i386 svr4.0, and systems where the
   VM page cache was not coherent with the filesystem buffer cache
   like early versions of FreeBSD and possibly contemporary NetBSD.)
   For shared mappings, we should conversely verify that changes get
   propogated back to all the places they're supposed to be.

   Grep wants private fixed already mapped.
   The main things grep needs to know about mmap are:
   * does it exist and is it safe to write into the mmap'd area
   * how to use it (BSD variants)  */
#include <sys/types.h>
#include <fcntl.h>
#include <sys/mman.h>
#include <stdlib.h>
#include <sys/stat.h>

#ifdef HAVE_UNISTD_H
# include <unistd.h>
#endif

/* This mess was copied from the GNU getpagesize.h.  */
#ifndef HAVE_GETPAGESIZE

/* Assume that all systems that can run configure have sys/param.h.  */
# ifndef HAVE_SYS_PARAM_H
#  define HAVE_SYS_PARAM_H 1
# endif

# ifdef _SC_PAGESIZE
#  define getpagesize() sysconf(_SC_PAGESIZE)
# else /* no _SC_PAGESIZE */
#  ifdef HAVE_SYS_PARAM_H
#   include <sys/param.h>
#   ifdef EXEC_PAGESIZE
#    define getpagesize() EXEC_PAGESIZE
#   else /* no EXEC_PAGESIZE */
#    ifdef NBPG
#     define getpagesize() NBPG * CLSIZE
#     ifndef CLSIZE
#      define CLSIZE 1
#     endif /* no CLSIZE */
#    else /* no NBPG */
#     ifdef NBPC
#      define getpagesize() NBPC
#     else /* no NBPC */
#      ifdef PAGESIZE
#       define getpagesize() PAGESIZE
#      endif /* PAGESIZE */
#     endif /* no NBPC */
#    endif /* no NBPG */
#   endif /* no EXEC_PAGESIZE */
#  else /* no HAVE_SYS_PARAM_H */
#   define getpagesize() 8192	/* punt totally */
#  endif /* no HAVE_SYS_PARAM_H */
# endif /* no _SC_PAGESIZE */

#endif /* no HAVE_GETPAGESIZE */

#ifdef __cplusplus
extern "C" { void *malloc(unsigned); }
#else
char *malloc();
#endif

int
main()
{
	char *data, *data2, *data3;
	int i, pagesize;
	int fd;

	pagesize = getpagesize();

	/*
	 * First, make a file with some known garbage in it.
	 */
	data = (char*)malloc(pagesize);
	if (!data)
		exit(1);
	for (i = 0; i < pagesize; ++i)
		*(data + i) = rand();
	umask(0);
	fd = creat("conftestmmap", 0600);
	if (fd < 0)
		exit(1);
	if (write(fd, data, pagesize) != pagesize)
		exit(1);
	close(fd);

	/*
	 * Next, try to mmap the file at a fixed address which
	 * already has something else allocated at it.  If we can,
	 * also make sure that we see the same garbage.
	 */
	fd = open("conftestmmap", O_RDWR);
	if (fd < 0)
		exit(1);
	data2 = (char*)malloc(2 * pagesize);
	if (!data2)
		exit(1);
	data2 += (pagesize - ((int) data2 & (pagesize - 1))) & (pagesize - 1);
	if (data2 != mmap(data2, pagesize, PROT_READ | PROT_WRITE,
	    MAP_PRIVATE | MAP_FIXED, fd, 0L))
		exit(1);
	for (i = 0; i < pagesize; ++i)
		if (*(data + i) != *(data2 + i))
			exit(1);

	/*
	 * Finally, make sure that changes to the mapped area
	 * do not percolate back to the file as seen by read().
	 * (This is a bug on some variants of i386 svr4.0.)
	 */
	for (i = 0; i < pagesize; ++i)
		*(data2 + i) = *(data2 + i) + 1;
	data3 = (char*)malloc(pagesize);
	if (!data3)
		exit(1);
	if (read(fd, data3, pagesize) != pagesize)
		exit(1);
	for (i = 0; i < pagesize; ++i)
		if (*(data + i) != *(data3 + i))
			exit(1);
	close(fd);
	unlink("conftestmmap");
	exit(0);
}

configure:5495: checking for argz.h
configure:5505: gcc -E  conftest.c >/dev/null 2>conftest.out
configure:5495: checking for limits.h
configure:5505: gcc -E  conftest.c >/dev/null 2>conftest.out
configure:5495: checking for locale.h
configure:5505: gcc -E  conftest.c >/dev/null 2>conftest.out
configure:5495: checking for nl_types.h
configure:5505: gcc -E  conftest.c >/dev/null 2>conftest.out
configure:5495: checking for malloc.h
configure:5505: gcc -E  conftest.c >/dev/null 2>conftest.out
configure:5495: checking for string.h
configure:5505: gcc -E  conftest.c >/dev/null 2>conftest.out
configure:5495: checking for unistd.h
configure:5495: checking for sys/param.h
configure:5505: gcc -E  conftest.c >/dev/null 2>conftest.out
configure:5535: checking for getcwd
configure:5563: gcc -o conftest -Wall -pedantic -g -O2   conftest.c  1>&5
configure:5535: checking for munmap
configure:5563: gcc -o conftest -Wall -pedantic -g -O2   conftest.c  1>&5
configure:5535: checking for putenv
configure:5563: gcc -o conftest -Wall -pedantic -g -O2   conftest.c  1>&5
configure:5535: checking for setenv
configure:5563: gcc -o conftest -Wall -pedantic -g -O2   conftest.c  1>&5
configure:5535: checking for setlocale
configure:5563: gcc -o conftest -Wall -pedantic -g -O2   conftest.c  1>&5
configure:5535: checking for strchr
configure:5563: gcc -o conftest -Wall -pedantic -g -O2   conftest.c  1>&5
configure:5547:6: warning: conflicting types for built-in function 'strchr' [enabled by default]
configure:5535: checking for strcasecmp
configure:5535: checking for strdup
configure:5535: checking for __argz_count
configure:5563: gcc -o conftest -Wall -pedantic -g -O2   conftest.c  1>&5
configure:5535: checking for __argz_stringify
configure:5563: gcc -o conftest -Wall -pedantic -g -O2   conftest.c  1>&5
configure:5535: checking for __argz_next
configure:5563: gcc -o conftest -Wall -pedantic -g -O2   conftest.c  1>&5
configure:5592: checking for stpcpy
configure:5620: gcc -o conftest -Wall -pedantic -g -O2   conftest.c  1>&5
configure:5604:6: warning: conflicting types for built-in function 'stpcpy' [enabled by default]
configure:5654: checking for LC_MESSAGES
configure:5666: gcc -o conftest -Wall -pedantic -g -O2   conftest.c  1>&5
configure:5687: checking whether NLS is requested
configure:5707: checking whether included gettext is requested
configure:5726: checking for libintl.h
configure:5736: gcc -E  conftest.c >/dev/null 2>conftest.out
configure:5753: checking for gettext in libc
configure:5765: gcc -o conftest -Wall -pedantic -g -O2   conftest.c  1>&5
configure: In function 'main':
configure:5761:8: warning: cast from pointer to integer of different size [-Wpointer-to-int-cast]
configure:5875: checking for msgfmt
configure:5909: checking for dcgettext
configure:5937: gcc -o conftest -Wall -pedantic -g -O2   conftest.c  1>&5
configure:5921:6: warning: conflicting types for built-in function 'dcgettext' [enabled by default]
configure:5964: checking for gmsgfmt
configure:6000: checking for xgettext
configure:6040: gcc -o conftest -Wall -pedantic -g -O2   conftest.c  1>&5
configure:6502: checking for catalogs to be installed
